------------------------------------------------------------------------------------------------------------------------

[2025-11-16 13:14:33 #1 store] 
Database 'C:\Users\Aimar\git\Rides25_project\src\main\resources\rides.temp' is opened by 19500@Aimar-PC

[2025-11-16 13:14:34 #2 type.registry] 
New type domain.User

[2025-11-16 13:14:34 #3 type.registry] 
New type domain.Admin

[2025-11-16 13:14:34 #4 type] 
Type domain.User is not enhanced.

[2025-11-16 13:14:34 #5 type.registry] 
New type domain.Ride

[2025-11-16 13:14:34 #6 type.registry] 
New type domain.MoneyTransaction

[2025-11-16 13:14:34 #7 type] 
Type domain.Admin is not enhanced.

[2025-11-16 13:14:34 #8 type] 
Type domain.Ride is not enhanced.

[2025-11-16 13:14:34 #9 type.registry] 
New type domain.Booking

[2025-11-16 13:14:34 #10 type.registry] 
New type domain.Car

[2025-11-16 13:14:34 #11 type.registry] 
New type domain.Driver

[2025-11-16 13:14:34 #12 type] 
Type domain.MoneyTransaction is not enhanced.

[2025-11-16 13:14:34 #13 type] 
Type domain.Booking is not enhanced.

[2025-11-16 13:14:34 #14 type.registry] 
New type domain.Reclamation

[2025-11-16 13:14:34 #15 type.registry] 
New type domain.Valoration

[2025-11-16 13:14:34 #16 type.registry] 
New type domain.Passenger

[2025-11-16 13:14:34 #17 type] 
Type domain.Car is not enhanced.

[2025-11-16 13:14:34 #18 type] 
Type domain.Driver is not enhanced.

[2025-11-16 13:14:34 #19 type] 
Type domain.Reclamation is not enhanced.

[2025-11-16 13:14:34 #20 type] 
Type domain.Passenger is not enhanced.

[2025-11-16 13:14:34 #21 type.registry] 
New type domain.Notification

[2025-11-16 13:14:34 #22 type.registry] 
New type domain.Request

[2025-11-16 13:14:34 #23 type] 
Type domain.Notification is not enhanced.

[2025-11-16 13:14:34 #24 type.registry] 
New type java.util.Vector<java.lang.Object>

[2025-11-16 13:14:34 #25 type.registry] 
New type java.util.LinkedList<java.lang.Object>

[2025-11-16 13:14:34 #26 type.registry] 
New type java.util.ArrayList<java.lang.Object>

[2025-11-16 13:14:34 #27 type.registry] 
New type java.util.Vector<domain.MoneyTransaction>

[2025-11-16 13:14:34 #28 type.registry] 
New type java.util.Vector<domain.Ride>

[2025-11-16 13:14:34 #29 type.registry] 
New type java.util.Vector<domain.Car>

[2025-11-16 13:14:34 #30 type.registry] 
New type java.util.Vector<domain.Booking>

[2025-11-16 13:14:34 #31 type.registry] 
New type java.util.Vector<domain.Request>

[2025-11-16 13:14:34 #32 type.registry] 
New type java.util.Vector<domain.Notification>

[2025-11-16 13:14:34 #33 type.registry] 
New type java.util.LinkedList<domain.Ride>

[2025-11-16 13:14:34 #34 type.registry] 
New type java.util.ArrayList<domain.Booking>

------------------------------------------------------------------------------------------------------------------------

[2025-11-16 13:17:54 #1 store] 
Database 'C:\Users\Aimar\git\Rides25_project\src\main\resources\rides.temp' is opened by 30184@Aimar-PC

[2025-11-16 13:17:54 #2 type.registry] 
New type domain.User

[2025-11-16 13:17:54 #3 type.registry] 
New type domain.Admin

[2025-11-16 13:17:55 #4 type] 
Type domain.User is not enhanced.

[2025-11-16 13:17:55 #5 type.registry] 
New type domain.Ride

[2025-11-16 13:17:55 #6 type.registry] 
New type domain.MoneyTransaction

[2025-11-16 13:17:55 #7 type] 
Type domain.Admin is not enhanced.

[2025-11-16 13:17:55 #8 type] 
Type domain.Ride is not enhanced.

[2025-11-16 13:17:55 #9 type.registry] 
New type domain.Booking

[2025-11-16 13:17:55 #10 type.registry] 
New type domain.Car

[2025-11-16 13:17:55 #11 type.registry] 
New type domain.Driver

[2025-11-16 13:17:55 #12 type] 
Type domain.MoneyTransaction is not enhanced.

[2025-11-16 13:17:55 #13 type] 
Type domain.Booking is not enhanced.

[2025-11-16 13:17:55 #14 type.registry] 
New type domain.Reclamation

[2025-11-16 13:17:55 #15 type.registry] 
New type domain.Valoration

[2025-11-16 13:17:55 #16 type.registry] 
New type domain.Passenger

[2025-11-16 13:17:55 #17 type] 
Type domain.Car is not enhanced.

[2025-11-16 13:17:55 #18 type] 
Type domain.Driver is not enhanced.

[2025-11-16 13:17:55 #19 type] 
Type domain.Reclamation is not enhanced.

[2025-11-16 13:17:55 #20 type] 
Type domain.Passenger is not enhanced.

[2025-11-16 13:17:55 #21 type.registry] 
New type domain.Notification

[2025-11-16 13:17:55 #22 type.registry] 
New type domain.Request

[2025-11-16 13:17:55 #23 type] 
Type domain.Notification is not enhanced.

[2025-11-16 13:17:55 #24 type.registry] 
New type java.util.Vector<java.lang.Object>

[2025-11-16 13:17:55 #25 type.registry] 
New type java.util.LinkedList<java.lang.Object>

[2025-11-16 13:17:55 #26 type.registry] 
New type java.util.ArrayList<java.lang.Object>

[2025-11-16 13:17:55 #27 type.registry] 
New type java.util.Vector<domain.MoneyTransaction>

[2025-11-16 13:17:55 #28 type.registry] 
New type java.util.Vector<domain.Ride>

[2025-11-16 13:17:55 #29 type.registry] 
New type java.util.Vector<domain.Car>

[2025-11-16 13:17:55 #30 type.registry] 
New type java.util.Vector<domain.Booking>

[2025-11-16 13:17:55 #31 type.registry] 
New type java.util.Vector<domain.Request>

[2025-11-16 13:17:55 #32 type.registry] 
New type java.util.Vector<domain.Notification>

[2025-11-16 13:17:55 #33 type.registry] 
New type java.util.LinkedList<domain.Ride>

[2025-11-16 13:17:55 #34 type.registry] 
New type java.util.ArrayList<domain.Booking>

------------------------------------------------------------------------------------------------------------------------

[2025-11-16 13:19:56 #1 store] 
Database 'C:\Users\Aimar\git\Rides25_project\src\main\resources\rides.temp' is opened by 19460@Aimar-PC

[2025-11-16 13:19:58 #2 type.registry] 
New type domain.User

[2025-11-16 13:19:58 #3 type.registry] 
New type domain.Admin

[2025-11-16 13:19:58 #4 type] 
Type domain.User is not enhanced.

[2025-11-16 13:19:58 #5 type.registry] 
New type domain.Ride

[2025-11-16 13:19:58 #6 type.registry] 
New type domain.MoneyTransaction

[2025-11-16 13:19:58 #7 type] 
Type domain.Admin is not enhanced.

[2025-11-16 13:19:58 #8 type] 
Type domain.Ride is not enhanced.

[2025-11-16 13:19:58 #9 type.registry] 
New type domain.Booking

[2025-11-16 13:19:58 #10 type.registry] 
New type domain.Car

[2025-11-16 13:19:58 #11 type.registry] 
New type domain.Driver

[2025-11-16 13:19:58 #12 type] 
Type domain.MoneyTransaction is not enhanced.

[2025-11-16 13:19:58 #13 type] 
Type domain.Booking is not enhanced.

[2025-11-16 13:19:58 #14 type.registry] 
New type domain.Reclamation

[2025-11-16 13:19:58 #15 type.registry] 
New type domain.Valoration

[2025-11-16 13:19:58 #16 type.registry] 
New type domain.Passenger

[2025-11-16 13:19:58 #17 type] 
Type domain.Car is not enhanced.

[2025-11-16 13:19:58 #18 type] 
Type domain.Driver is not enhanced.

[2025-11-16 13:19:58 #19 type] 
Type domain.Reclamation is not enhanced.

[2025-11-16 13:19:58 #20 type] 
Type domain.Passenger is not enhanced.

[2025-11-16 13:19:58 #21 type.registry] 
New type domain.Notification

[2025-11-16 13:19:58 #22 type.registry] 
New type domain.Request

[2025-11-16 13:19:58 #23 type] 
Type domain.Notification is not enhanced.

[2025-11-16 13:19:58 #24 type.registry] 
New type java.util.Vector<java.lang.Object>

[2025-11-16 13:19:58 #25 type.registry] 
New type java.util.LinkedList<java.lang.Object>

[2025-11-16 13:19:58 #26 type.registry] 
New type java.util.ArrayList<java.lang.Object>

[2025-11-16 13:19:58 #27 type.registry] 
New type java.util.Vector<domain.MoneyTransaction>

[2025-11-16 13:19:58 #28 type.registry] 
New type java.util.Vector<domain.Ride>

[2025-11-16 13:19:58 #29 type.registry] 
New type java.util.Vector<domain.Car>

[2025-11-16 13:19:58 #30 type.registry] 
New type java.util.Vector<domain.Booking>

[2025-11-16 13:19:58 #31 type.registry] 
New type java.util.Vector<domain.Request>

[2025-11-16 13:19:58 #32 type.registry] 
New type java.util.Vector<domain.Notification>

[2025-11-16 13:19:58 #33 type.registry] 
New type java.util.LinkedList<domain.Ride>

[2025-11-16 13:19:58 #34 type.registry] 
New type java.util.ArrayList<domain.Booking>

