------------------------------------------------------------------------------------------------------------------------

[2025-09-30 11:11:21 #1 store] 
Database 'C:\Users\Aimar\git\Rides24\src\main\resources\rides.temp' is opened by 32884@Aimar-PC

[2025-09-30 11:11:22 #2 type.registry] 
New type domain.User

[2025-09-30 11:11:22 #3 type.registry] 
New type domain.Admin

[2025-09-30 11:11:22 #4 type] 
Type domain.User is not enhanced.

[2025-09-30 11:11:22 #5 type.registry] 
New type domain.Ride

[2025-09-30 11:11:22 #6 type.registry] 
New type domain.MoneyTransaction

[2025-09-30 11:11:22 #7 type] 
Type domain.Admin is not enhanced.

[2025-09-30 11:11:22 #8 type] 
Type domain.Ride is not enhanced.

[2025-09-30 11:11:22 #9 type.registry] 
New type domain.Booking

[2025-09-30 11:11:22 #10 type.registry] 
New type domain.Car

[2025-09-30 11:11:22 #11 type.registry] 
New type domain.Driver

[2025-09-30 11:11:22 #12 type] 
Type domain.MoneyTransaction is not enhanced.

[2025-09-30 11:11:22 #13 type] 
Type domain.Booking is not enhanced.

[2025-09-30 11:11:22 #14 type.registry] 
New type domain.Reclamation

[2025-09-30 11:11:22 #15 type.registry] 
New type domain.Valoration

[2025-09-30 11:11:22 #16 type.registry] 
New type domain.Passenger

[2025-09-30 11:11:22 #17 type] 
Type domain.Car is not enhanced.

[2025-09-30 11:11:22 #18 type] 
Type domain.Driver is not enhanced.

[2025-09-30 11:11:22 #19 type] 
Type domain.Reclamation is not enhanced.

[2025-09-30 11:11:22 #20 type] 
Type domain.Valoration is not enhanced.

[2025-09-30 11:11:22 #21 type] 
Type domain.Passenger is not enhanced.

[2025-09-30 11:11:22 #22 type.registry] 
New type domain.Notification

[2025-09-30 11:11:22 #23 type.registry] 
New type domain.Request

[2025-09-30 11:11:22 #24 type] 
Type domain.Notification is not enhanced.

[2025-09-30 11:11:22 #25 type] 
Type domain.Request is not enhanced.

[2025-09-30 11:11:22 #26 type.registry] 
New type java.util.Vector<java.lang.Object>

[2025-09-30 11:11:22 #27 type.registry] 
New type java.util.ArrayList<java.lang.Object>

[2025-09-30 11:11:22 #28 type.registry] 
New type java.util.Vector<domain.MoneyTransaction>

[2025-09-30 11:11:22 #29 type.registry] 
New type java.util.Vector<domain.Ride>

[2025-09-30 11:11:22 #30 type.registry] 
New type java.util.Vector<domain.Car>

[2025-09-30 11:11:22 #31 type.registry] 
New type java.util.Vector<domain.Booking>

[2025-09-30 11:11:22 #32 type.registry] 
New type java.util.Vector<domain.Request>

[2025-09-30 11:11:22 #33 type.registry] 
New type java.util.Vector<domain.Notification>

[2025-09-30 11:11:22 #34 type.registry] 
New type java.util.ArrayList<domain.Booking>

